2023-02-17 10:19:37 Loading main app package /tmp/.mount_ObsidiqbH6Sh/resources/obsidian.asar
2023-02-17 10:19:37 Checking for update using Github
2023-02-17 10:19:38 Success.
2023-02-17 10:19:38 Latest version is 1.1.9
2023-02-17 10:19:38 App is up to date.
2023-02-17 11:19:37 Checking for update using Github
2023-02-17 11:19:37 Success.
2023-02-17 11:19:37 Latest version is 1.1.9
2023-02-17 11:19:37 App is up to date.
2023-02-17 12:19:37 Checking for update using Github
2023-02-17 12:19:37 Success.
2023-02-17 12:19:37 Latest version is 1.1.9
2023-02-17 12:19:37 App is up to date.
2023-02-17 13:19:37 Checking for update using Github
2023-02-17 13:19:37 Success.
2023-02-17 13:19:37 Latest version is 1.1.9
2023-02-17 13:19:37 App is up to date.
2023-02-17 14:19:37 Checking for update using Github
2023-02-17 14:19:38 Success.
2023-02-17 14:19:38 Latest version is 1.1.9
2023-02-17 14:19:38 App is up to date.
2023-02-17 15:19:37 Checking for update using Github
2023-02-17 15:19:38 Success.
2023-02-17 15:19:38 Latest version is 1.1.9
2023-02-17 15:19:38 App is up to date.
2023-02-17 16:19:37 Checking for update using Github
2023-02-17 16:19:38 Success.
2023-02-17 16:19:38 Latest version is 1.1.9
2023-02-17 16:19:38 App is up to date.
2023-02-17 17:19:38 Checking for update using Github
2023-02-17 17:19:38 Success.
2023-02-17 17:19:38 Latest version is 1.1.9
2023-02-17 17:19:38 App is up to date.
2023-02-17 18:19:38 Checking for update using Github
2023-02-17 18:19:38 Success.
2023-02-17 18:19:38 Latest version is 1.1.9
2023-02-17 18:19:38 App is up to date.
2023-02-17 19:19:38 Checking for update using Github
2023-02-17 19:19:38 Success.
2023-02-17 19:19:38 Latest version is 1.1.9
2023-02-17 19:19:38 App is up to date.
2023-02-17 20:19:38 Checking for update using Github
2023-02-17 20:19:38 Success.
2023-02-17 20:19:38 Latest version is 1.1.9
2023-02-17 20:19:38 App is up to date.
2023-02-17 21:19:38 Checking for update using Github
2023-02-17 21:19:41 Success.
2023-02-17 21:19:41 Latest version is 1.1.9
2023-02-17 21:19:41 App is up to date.
2023-02-17 22:19:38 Checking for update using Github
2023-02-17 22:19:38 Success.
2023-02-17 22:19:38 Latest version is 1.1.9
2023-02-17 22:19:38 App is up to date.
2023-02-17 23:19:38 Checking for update using Github
2023-02-17 23:19:39 Success.
2023-02-17 23:19:39 Latest version is 1.1.9
2023-02-17 23:19:39 App is up to date.
2023-02-18 00:19:38 Checking for update using Github
2023-02-18 00:19:38 Success.
2023-02-18 00:19:38 Latest version is 1.1.9
2023-02-18 00:19:38 App is up to date.
2023-02-18 01:19:38 Checking for update using Github
2023-02-18 01:19:38 Success.
2023-02-18 01:19:38 Latest version is 1.1.9
2023-02-18 01:19:38 App is up to date.
2023-02-18 02:19:38 Checking for update using Github
2023-02-18 02:19:39 Success.
2023-02-18 02:19:39 Latest version is 1.1.9
2023-02-18 02:19:39 App is up to date.
2023-02-18 03:19:38 Checking for update using Github
2023-02-18 03:19:39 Success.
2023-02-18 03:19:39 Latest version is 1.1.9
2023-02-18 03:19:39 App is up to date.
2023-02-24 18:00:28 Loading main app package /tmp/.mount_ObsidiDIqlo4/resources/obsidian.asar
2023-02-24 18:00:29 Checking for update using Github
2023-02-24 18:00:30 Success.
2023-02-24 18:00:30 Latest version is 1.1.15
2023-02-24 18:00:30 Downloading update from https://github.com/obsidianmd/obsidian-releases/releases/download/v1.1.15/obsidian-1.1.15.asar.gz
2023-02-24 18:01:17 Verifying hash & signature. Size= 5765357
2023-02-24 18:01:17 Saving file
2023-02-24 18:01:17 Update complete.
2023-02-24 18:13:40 Loading updated app package /home/bm69/.config/obsidian/obsidian-1.1.15.asar
2023-02-24 18:13:41 Checking for update using Github
2023-02-24 18:13:41 Success.
2023-02-24 18:13:41 Latest version is 1.1.15
2023-02-24 18:13:41 App is up to date.
2023-02-24 19:13:40 Checking for update using Github
2023-02-24 19:13:41 Success.
2023-02-24 19:13:41 Latest version is 1.1.15
2023-02-24 19:13:41 App is up to date.
2023-02-24 20:13:41 Checking for update using Github
2023-02-24 20:13:41 Success.
2023-02-24 20:13:41 Latest version is 1.1.15
2023-02-24 20:13:41 App is up to date.
2023-02-24 21:13:41 Checking for update using Github
2023-02-24 21:13:42 Success.
2023-02-24 21:13:42 Latest version is 1.1.15
2023-02-24 21:13:42 App is up to date.
2023-02-24 22:13:41 Checking for update using Github
2023-02-24 22:13:41 Success.
2023-02-24 22:13:41 Latest version is 1.1.15
2023-02-24 22:13:41 App is up to date.
2023-02-24 23:13:41 Checking for update using Github
2023-02-24 23:13:42 Success.
2023-02-24 23:13:42 Latest version is 1.1.15
2023-02-24 23:13:42 App is up to date.
2023-02-25 00:13:41 Checking for update using Github
2023-02-25 00:13:48 Success.
2023-02-25 00:13:48 Latest version is 1.1.15
2023-02-25 00:13:48 App is up to date.
2023-02-25 01:13:41 Checking for update using Github
2023-02-25 01:13:42 Success.
2023-02-25 01:13:42 Latest version is 1.1.15
2023-02-25 01:13:42 App is up to date.
2023-02-25 02:13:41 Checking for update using Github
2023-02-25 02:13:42 Success.
2023-02-25 02:13:42 Latest version is 1.1.15
2023-02-25 02:13:42 App is up to date.
2023-02-25 03:13:41 Checking for update using Github
2023-02-25 03:13:42 Success.
2023-02-25 03:13:42 Latest version is 1.1.15
2023-02-25 03:13:42 App is up to date.
2023-02-25 04:13:41 Checking for update using Github
2023-02-25 04:13:41 Success.
2023-02-25 04:13:41 Latest version is 1.1.15
2023-02-25 04:13:41 App is up to date.
2023-02-25 05:13:41 Checking for update using Github
2023-02-25 05:13:42 Success.
2023-02-25 05:13:42 Latest version is 1.1.15
2023-02-25 05:13:42 App is up to date.
2023-02-25 06:13:41 Checking for update using Github
2023-02-25 06:13:42 Success.
2023-02-25 06:13:42 Latest version is 1.1.15
2023-02-25 06:13:42 App is up to date.
2023-02-25 07:13:41 Checking for update using Github
2023-02-25 07:13:42 Success.
2023-02-25 07:13:42 Latest version is 1.1.15
2023-02-25 07:13:42 App is up to date.
2023-02-26 02:51:40 Loading updated app package /home/bm69/.config/obsidian/obsidian-1.1.15.asar
2023-02-26 02:51:41 Checking for update using Github
2023-02-26 02:51:42 Success.
2023-02-26 02:51:42 Latest version is 1.1.15
2023-02-26 02:51:42 App is up to date.
2023-02-26 03:51:40 Checking for update using Github
2023-02-26 03:51:41 Success.
2023-02-26 03:51:41 Latest version is 1.1.15
2023-02-26 03:51:41 App is up to date.
2023-02-26 04:51:40 Checking for update using Github
2023-02-26 04:51:40 Success.
2023-02-26 04:51:40 Latest version is 1.1.15
2023-02-26 04:51:40 App is up to date.
2023-02-26 05:51:40 Checking for update using Github
2023-02-26 05:51:42 Success.
2023-02-26 05:51:42 Latest version is 1.1.15
2023-02-26 05:51:42 App is up to date.
2023-02-26 15:47:27 Loading updated app package /home/bm69/.config/obsidian/obsidian-1.1.15.asar
2023-02-26 15:47:27 Checking for update using Github
2023-02-26 15:47:28 Success.
2023-02-26 15:47:28 Latest version is 1.1.15
2023-02-26 15:47:28 App is up to date.
2023-02-26 15:52:41 Loading updated app package /home/bm69/.config/obsidian/obsidian-1.1.15.asar
2023-02-26 15:52:41 Checking for update using Github
2023-02-26 15:52:41 Success.
2023-02-26 15:52:41 Latest version is 1.1.15
2023-02-26 15:52:41 App is up to date.
2023-02-26 16:52:41 Checking for update using Github
2023-02-26 16:52:42 Success.
2023-02-26 16:52:42 Latest version is 1.1.15
2023-02-26 16:52:42 App is up to date.
2023-02-26 17:52:41 Checking for update using Github
2023-02-26 17:52:42 Success.
2023-02-26 17:52:42 Latest version is 1.1.15
2023-02-26 17:52:42 App is up to date.
2023-02-26 18:52:41 Checking for update using Github
2023-02-26 18:52:43 Success.
2023-02-26 18:52:43 Latest version is 1.1.15
2023-02-26 18:52:43 App is up to date.
2023-02-26 19:52:41 Checking for update using Github
2023-02-26 19:52:42 Success.
2023-02-26 19:52:42 Latest version is 1.1.15
2023-02-26 19:52:42 App is up to date.
2023-02-26 20:52:41 Checking for update using Github
2023-02-26 20:52:43 Success.
2023-02-26 20:52:43 Latest version is 1.1.15
2023-02-26 20:52:43 App is up to date.
2023-02-26 21:52:41 Checking for update using Github
2023-02-26 21:52:42 Success.
2023-02-26 21:52:42 Latest version is 1.1.15
2023-02-26 21:52:42 App is up to date.
2023-02-26 22:52:41 Checking for update using Github
2023-02-26 22:52:42 Success.
2023-02-26 22:52:42 Latest version is 1.1.15
2023-02-26 22:52:42 App is up to date.
2023-02-26 23:52:41 Checking for update using Github
2023-02-26 23:52:42 Success.
2023-02-26 23:52:42 Latest version is 1.1.15
2023-02-26 23:52:42 App is up to date.
2023-02-27 00:52:41 Checking for update using Github
2023-02-27 00:52:46 Success.
2023-02-27 00:52:46 Latest version is 1.1.15
2023-02-27 00:52:46 App is up to date.
2023-02-27 01:52:42 Checking for update using Github
2023-02-27 01:52:42 Success.
2023-02-27 01:52:42 Latest version is 1.1.15
2023-02-27 01:52:42 App is up to date.
2023-02-27 02:52:42 Checking for update using Github
2023-02-27 02:52:45 Success.
2023-02-27 02:52:45 Latest version is 1.1.15
2023-02-27 02:52:45 App is up to date.
