2023-02-27T15:20:17.12820704Z [INFO] termscp 0.11.0 started!
2023-02-27T15:20:17.128271802Z [INFO] Starting activity manager...
2023-02-27T15:20:17.128339164Z [INFO] Setting up config client with config path /home/bm69/.config/termscp/config.toml and SSH key directory /home/bm69/.config/termscp/.ssh/
2023-02-27T15:20:17.150216819Z [INFO] Bookmarks client initialized
2023-02-27T15:20:17.150260333Z [INFO] Setting up theme provider with thene path /home/bm69/.config/termscp/theme.toml 
2023-02-27T15:20:17.151491956Z [INFO] Starting AuthActivity...
2023-02-27T15:20:17.151598982Z [INFO] Checking whether a new version is available...
2023-02-27T15:20:19.01136273Z [INFO] Latest version is: 0.11.0 (current)
2023-02-27T15:20:19.01154327Z [INFO] Getting bookmark ISO20230227T090225
2023-02-27T15:20:19.011591836Z [INFO] Getting bookmark ISO20230224T142652
2023-02-27T15:20:19.011643173Z [INFO] Getting bookmark ISO20230224T142622
2023-02-27T15:20:19.011691229Z [INFO] Getting bookmark ISO20230224T115041
2023-02-27T15:20:19.011749008Z [INFO] Getting bookmark ISO20230224T114941
2023-02-27T15:20:19.011795484Z [INFO] Activity initialized
2023-02-27T15:20:24.344971685Z [INFO] Getting bookmark ISO20230224T115041
2023-02-27T15:20:26.842088087Z [INFO] AuthActivity terminated due to 'Connect'
2023-02-27T15:20:26.842208196Z [INFO] AuthActivity destroyed
2023-02-27T15:20:26.856489096Z [INFO] Starting FileTransferActivity
2023-02-27T15:20:26.856535541Z [INFO] Reading directory /home/bm69
2023-02-27T15:20:26.856630492Z [INFO] Stating file /home/bm69/.python_history
2023-02-27T15:20:26.856674106Z [INFO] Stating file /home/bm69/.lesshst
2023-02-27T15:20:26.856714249Z [INFO] Stating file /home/bm69/.steampath
2023-02-27T15:20:26.856761834Z [ERROR] Could not read file metadata: No such file or directory (os error 2)
2023-02-27T15:20:26.85680829Z [ERROR] Failed to stat /home/bm69/.steampath: Could not access file: No such file or directory (os error 2) (/home/bm69/.steampath)
2023-02-27T15:20:26.856861547Z [INFO] Stating file /home/bm69/nvim.appimage
2023-02-27T15:20:26.85690172Z [INFO] Stating file /home/bm69/getnf
2023-02-27T15:20:26.856941483Z [INFO] Stating file /home/bm69/Videos
2023-02-27T15:20:26.856981966Z [INFO] Stating file /home/bm69/.bash_logout
2023-02-27T15:20:26.857021889Z [INFO] Stating file /home/bm69/.ssh
2023-02-27T15:20:26.857061592Z [INFO] Stating file /home/bm69/bin
2023-02-27T15:20:26.857101145Z [INFO] Stating file /home/bm69/Desktop
2023-02-27T15:20:26.857141178Z [INFO] Stating file /home/bm69/git
2023-02-27T15:20:26.857180691Z [INFO] Stating file /home/bm69/.pki
2023-02-27T15:20:26.857220464Z [INFO] Stating file /home/bm69/restore_system.sh
2023-02-27T15:20:26.857260467Z [INFO] Stating file /home/bm69/.nix-defexpr
2023-02-27T15:20:26.85730056Z [INFO] Stating file /home/bm69/.zsh_history
2023-02-27T15:20:26.857356198Z [INFO] Stating file /home/bm69/.tcshrc
2023-02-27T15:20:26.857395761Z [INFO] Stating file /home/bm69/.nix-profile
2023-02-27T15:20:26.857442846Z [INFO] Stating file /home/bm69/.zcompdump-bm69-5.8.1.zwc
2023-02-27T15:20:26.85748353Z [INFO] Stating file /home/bm69/.config
2023-02-27T15:20:26.857523012Z [INFO] Stating file /home/bm69/.steampid
2023-02-27T15:20:26.857568557Z [INFO] Stating file /home/bm69/Templates
2023-02-27T15:20:26.85760851Z [INFO] Stating file /home/bm69/.zshenv
2023-02-27T15:20:26.857654805Z [INFO] Stating file /home/bm69/.zcompdump-bm69-5.8.zwc
2023-02-27T15:20:26.857705952Z [INFO] Stating file /home/bm69/miniconda3
2023-02-27T15:20:26.85775984Z [INFO] Stating file /home/bm69/.fzf.bash
2023-02-27T15:20:26.857813497Z [INFO] Stating file /home/bm69/.zcompdump
2023-02-27T15:20:26.857867435Z [INFO] Stating file /home/bm69/Public
2023-02-27T15:20:26.857920922Z [INFO] Stating file /home/bm69/.steam
2023-02-27T15:20:26.85797486Z [INFO] Stating file /home/bm69/.bash_history
2023-02-27T15:20:26.858028637Z [INFO] Stating file /home/bm69/.oh-my-zsh
2023-02-27T15:20:26.858082305Z [INFO] Stating file /home/bm69/.conda
2023-02-27T15:20:26.858136072Z [INFO] Stating file /home/bm69/rtl8812au
2023-02-27T15:20:26.858189649Z [INFO] Stating file /home/bm69/.npm
2023-02-27T15:20:26.858254981Z [INFO] Stating file /home/bm69/.cache
2023-02-27T15:20:26.858309829Z [INFO] Stating file /home/bm69/.zcompdump-bm69-5.8.1
2023-02-27T15:20:26.858363256Z [INFO] Stating file /home/bm69/.factorio
2023-02-27T15:20:26.858417264Z [INFO] Stating file /home/bm69/.shell.pre-oh-my-zsh
2023-02-27T15:20:26.858470601Z [INFO] Stating file /home/bm69/.pulse-cookie
2023-02-27T15:20:26.858523798Z [INFO] Stating file /home/bm69/Downloads
2023-02-27T15:20:26.858576846Z [INFO] Stating file /home/bm69/lazygit.tar.gz
2023-02-27T15:20:26.858629993Z [INFO] Stating file /home/bm69/.sudo_as_admin_successful
2023-02-27T15:20:26.85868266Z [INFO] Stating file /home/bm69/Music
2023-02-27T15:20:26.858745581Z [INFO] Stating file /home/bm69/.fzf.zsh
2023-02-27T15:20:26.858800989Z [INFO] Stating file /home/bm69/.profile
2023-02-27T15:20:26.858856417Z [INFO] Stating file /home/bm69/Pictures
2023-02-27T15:20:26.858912215Z [INFO] Stating file /home/bm69/.fzf
2023-02-27T15:20:26.858967873Z [INFO] Stating file /home/bm69/.mozilla
2023-02-27T15:20:26.859023591Z [INFO] Stating file /home/bm69/.zcompdump-bm69-5.8
2023-02-27T15:20:26.859079399Z [INFO] Stating file /home/bm69/zellij
2023-02-27T15:20:26.859135047Z [INFO] Stating file /home/bm69/.local
2023-02-27T15:20:26.859191066Z [INFO] Stating file /home/bm69/intelephense
2023-02-27T15:20:26.859247174Z [INFO] Stating file /home/bm69/.fehbg
2023-02-27T15:20:26.859303602Z [INFO] Stating file /home/bm69/.xonshrc
2023-02-27T15:20:26.85935957Z [INFO] Stating file /home/bm69/.bashrc
2023-02-27T15:20:26.859416239Z [INFO] Stating file /home/bm69/tmux-powerline
2023-02-27T15:20:26.859472167Z [INFO] Stating file /home/bm69/.gnome
2023-02-27T15:20:26.859528105Z [INFO] Stating file /home/bm69/helix
2023-02-27T15:20:26.859583243Z [INFO] Stating file /home/bm69/.xmonad
2023-02-27T15:20:26.859639142Z [INFO] Stating file /home/bm69/.cargo
2023-02-27T15:20:26.85969451Z [INFO] Stating file /home/bm69/.gnupg
2023-02-27T15:20:26.859750788Z [INFO] Stating file /home/bm69/.gitconfig
2023-02-27T15:20:26.859807446Z [INFO] Stating file /home/bm69/install.sh
2023-02-27T15:20:26.859863295Z [INFO] Stating file /home/bm69/.rustup
2023-02-27T15:20:26.859919273Z [INFO] Stating file /home/bm69/lazygit
2023-02-27T15:20:26.859975641Z [INFO] Stating file /home/bm69/.fonts
2023-02-27T15:20:26.860030719Z [INFO] Stating file /home/bm69/.tmux
2023-02-27T15:20:26.860088378Z [INFO] Stating file /home/bm69/mountssh
2023-02-27T15:20:26.860144416Z [INFO] Stating file /home/bm69/.tmux.conf
2023-02-27T15:20:26.860201375Z [INFO] Stating file /home/bm69/layouts
2023-02-27T15:20:26.860257203Z [INFO] Stating file /home/bm69/snap
2023-02-27T15:20:26.860313321Z [INFO] Stating file /home/bm69/Documents
2023-02-27T15:20:26.860369099Z [INFO] Stating file /home/bm69/awesome-terminal-fonts
2023-02-27T15:20:26.860424897Z [INFO] Stating file /home/bm69/.zshrc
2023-02-27T15:20:26.860480716Z [INFO] Stating file /home/bm69/Steam
2023-02-27T15:20:26.860550348Z [INFO] Localhost initialized with success
2023-02-27T15:20:26.860626393Z [INFO] Setting up config client with config path /home/bm69/.config/termscp/config.toml and SSH key directory /home/bm69/.config/termscp/.ssh/
2023-02-27T15:20:26.861390052Z [INFO] Reading directory /home/bm69
2023-02-27T15:20:26.861510131Z [INFO] Stating file /home/bm69/.python_history
2023-02-27T15:20:26.86157026Z [INFO] Stating file /home/bm69/.lesshst
2023-02-27T15:20:26.861628379Z [INFO] Stating file /home/bm69/.steampath
2023-02-27T15:20:26.861682607Z [ERROR] Could not read file metadata: No such file or directory (os error 2)
2023-02-27T15:20:26.861719529Z [ERROR] Failed to stat /home/bm69/.steampath: Could not access file: No such file or directory (os error 2) (/home/bm69/.steampath)
2023-02-27T15:20:26.861757971Z [INFO] Stating file /home/bm69/nvim.appimage
2023-02-27T15:20:26.861786671Z [INFO] Stating file /home/bm69/getnf
2023-02-27T15:20:26.86181512Z [INFO] Stating file /home/bm69/Videos
2023-02-27T15:20:26.861844039Z [INFO] Stating file /home/bm69/.bash_logout
2023-02-27T15:20:26.861877961Z [INFO] Stating file /home/bm69/.ssh
2023-02-27T15:20:26.86190613Z [INFO] Stating file /home/bm69/bin
2023-02-27T15:20:26.861934709Z [INFO] Stating file /home/bm69/Desktop
2023-02-27T15:20:26.861963929Z [INFO] Stating file /home/bm69/git
2023-02-27T15:20:26.861992248Z [INFO] Stating file /home/bm69/.pki
2023-02-27T15:20:26.862020847Z [INFO] Stating file /home/bm69/restore_system.sh
2023-02-27T15:20:26.862049606Z [INFO] Stating file /home/bm69/.nix-defexpr
2023-02-27T15:20:26.862078186Z [INFO] Stating file /home/bm69/.zsh_history
2023-02-27T15:20:26.862106865Z [INFO] Stating file /home/bm69/.tcshrc
2023-02-27T15:20:26.862135474Z [INFO] Stating file /home/bm69/.nix-profile
2023-02-27T15:20:26.862167035Z [INFO] Stating file /home/bm69/.zcompdump-bm69-5.8.1.zwc
2023-02-27T15:20:26.862195864Z [INFO] Stating file /home/bm69/.config
2023-02-27T15:20:26.862224063Z [INFO] Stating file /home/bm69/.steampid
2023-02-27T15:20:26.862253103Z [INFO] Stating file /home/bm69/Templates
2023-02-27T15:20:26.862282022Z [INFO] Stating file /home/bm69/.zshenv
2023-02-27T15:20:26.862310401Z [INFO] Stating file /home/bm69/.zcompdump-bm69-5.8.zwc
2023-02-27T15:20:26.862339161Z [INFO] Stating file /home/bm69/miniconda3
2023-02-27T15:20:26.86236771Z [INFO] Stating file /home/bm69/.fzf.bash
2023-02-27T15:20:26.862396329Z [INFO] Stating file /home/bm69/.zcompdump
2023-02-27T15:20:26.862424909Z [INFO] Stating file /home/bm69/Public
2023-02-27T15:20:26.862453118Z [INFO] Stating file /home/bm69/.steam
2023-02-27T15:20:26.862481367Z [INFO] Stating file /home/bm69/.bash_history
2023-02-27T15:20:26.862510466Z [INFO] Stating file /home/bm69/.oh-my-zsh
2023-02-27T15:20:26.862539106Z [INFO] Stating file /home/bm69/.conda
2023-02-27T15:20:26.862567435Z [INFO] Stating file /home/bm69/rtl8812au
2023-02-27T15:20:26.862595944Z [INFO] Stating file /home/bm69/.npm
2023-02-27T15:20:26.862624183Z [INFO] Stating file /home/bm69/.cache
2023-02-27T15:20:26.862653043Z [INFO] Stating file /home/bm69/.zcompdump-bm69-5.8.1
2023-02-27T15:20:26.862681582Z [INFO] Stating file /home/bm69/.factorio
2023-02-27T15:20:26.862710161Z [INFO] Stating file /home/bm69/.shell.pre-oh-my-zsh
2023-02-27T15:20:26.862738771Z [INFO] Stating file /home/bm69/.pulse-cookie
2023-02-27T15:20:26.86276784Z [INFO] Stating file /home/bm69/Downloads
2023-02-27T15:20:26.862801371Z [INFO] Stating file /home/bm69/lazygit.tar.gz
2023-02-27T15:20:26.862832341Z [INFO] Stating file /home/bm69/.sudo_as_admin_successful
2023-02-27T15:20:26.86286085Z [INFO] Stating file /home/bm69/Music
2023-02-27T15:20:26.86288927Z [INFO] Stating file /home/bm69/.fzf.zsh
2023-02-27T15:20:26.862917659Z [INFO] Stating file /home/bm69/.profile
2023-02-27T15:20:26.862946058Z [INFO] Stating file /home/bm69/Pictures
2023-02-27T15:20:26.862974507Z [INFO] Stating file /home/bm69/.fzf
2023-02-27T15:20:26.863003107Z [INFO] Stating file /home/bm69/.mozilla
2023-02-27T15:20:26.863031906Z [INFO] Stating file /home/bm69/.zcompdump-bm69-5.8
2023-02-27T15:20:26.863060455Z [INFO] Stating file /home/bm69/zellij
2023-02-27T15:20:26.863088795Z [INFO] Stating file /home/bm69/.local
2023-02-27T15:20:26.863117314Z [INFO] Stating file /home/bm69/intelephense
2023-02-27T15:20:26.863145833Z [INFO] Stating file /home/bm69/.fehbg
2023-02-27T15:20:26.863174322Z [INFO] Stating file /home/bm69/.xonshrc
2023-02-27T15:20:26.863202982Z [INFO] Stating file /home/bm69/.bashrc
2023-02-27T15:20:26.863231411Z [INFO] Stating file /home/bm69/tmux-powerline
2023-02-27T15:20:26.86325956Z [INFO] Stating file /home/bm69/.gnome
2023-02-27T15:20:26.86328837Z [INFO] Stating file /home/bm69/helix
2023-02-27T15:20:26.863316989Z [INFO] Stating file /home/bm69/.xmonad
2023-02-27T15:20:26.863347499Z [INFO] Stating file /home/bm69/.cargo
2023-02-27T15:20:26.863377268Z [INFO] Stating file /home/bm69/.gnupg
2023-02-27T15:20:26.863407218Z [INFO] Stating file /home/bm69/.gitconfig
2023-02-27T15:20:26.863437018Z [INFO] Stating file /home/bm69/install.sh
2023-02-27T15:20:26.863466968Z [INFO] Stating file /home/bm69/.rustup
2023-02-27T15:20:26.863496037Z [INFO] Stating file /home/bm69/lazygit
2023-02-27T15:20:26.863521846Z [INFO] Stating file /home/bm69/.fonts
2023-02-27T15:20:26.863542962Z [INFO] Stating file /home/bm69/.tmux
2023-02-27T15:20:26.86356574Z [INFO] Stating file /home/bm69/mountssh
2023-02-27T15:20:26.863587377Z [INFO] Stating file /home/bm69/.tmux.conf
2023-02-27T15:20:26.863608644Z [INFO] Stating file /home/bm69/layouts
2023-02-27T15:20:26.863629921Z [INFO] Stating file /home/bm69/snap
2023-02-27T15:20:26.863651218Z [INFO] Stating file /home/bm69/Documents
2023-02-27T15:20:26.863672695Z [INFO] Stating file /home/bm69/awesome-terminal-fonts
2023-02-27T15:20:26.863694362Z [INFO] Stating file /home/bm69/.zshrc
2023-02-27T15:20:26.863715759Z [INFO] Stating file /home/bm69/Steam
2023-02-27T15:20:26.863884504Z [INFO] Reading directory /home/bm69
2023-02-27T15:20:26.863930979Z [INFO] Stating file /home/bm69/.python_history
2023-02-27T15:20:26.863952536Z [INFO] Stating file /home/bm69/.lesshst
2023-02-27T15:20:26.863973653Z [INFO] Stating file /home/bm69/.steampath
2023-02-27T15:20:26.863994529Z [ERROR] Could not read file metadata: No such file or directory (os error 2)
2023-02-27T15:20:26.864018017Z [ERROR] Failed to stat /home/bm69/.steampath: Could not access file: No such file or directory (os error 2) (/home/bm69/.steampath)
2023-02-27T15:20:26.864049167Z [INFO] Stating file /home/bm69/nvim.appimage
2023-02-27T15:20:26.864070504Z [INFO] Stating file /home/bm69/getnf
2023-02-27T15:20:26.864091491Z [INFO] Stating file /home/bm69/Videos
2023-02-27T15:20:26.864112628Z [INFO] Stating file /home/bm69/.bash_logout
2023-02-27T15:20:26.864134025Z [INFO] Stating file /home/bm69/.ssh
2023-02-27T15:20:26.864162244Z [INFO] Stating file /home/bm69/bin
2023-02-27T15:20:26.864190093Z [INFO] Stating file /home/bm69/Desktop
2023-02-27T15:20:26.864218302Z [INFO] Stating file /home/bm69/git
2023-02-27T15:20:26.864246191Z [INFO] Stating file /home/bm69/.pki
2023-02-27T15:20:26.864274Z [INFO] Stating file /home/bm69/restore_system.sh
2023-02-27T15:20:26.864301999Z [INFO] Stating file /home/bm69/.nix-defexpr
2023-02-27T15:20:26.864329879Z [INFO] Stating file /home/bm69/.zsh_history
2023-02-27T15:20:26.864357958Z [INFO] Stating file /home/bm69/.tcshrc
2023-02-27T15:20:26.864385657Z [INFO] Stating file /home/bm69/.nix-profile
2023-02-27T15:20:26.864415306Z [INFO] Stating file /home/bm69/.zcompdump-bm69-5.8.1.zwc
2023-02-27T15:20:26.864443996Z [INFO] Stating file /home/bm69/.config
2023-02-27T15:20:26.864471695Z [INFO] Stating file /home/bm69/.steampid
2023-02-27T15:20:26.864499954Z [INFO] Stating file /home/bm69/Templates
2023-02-27T15:20:26.864527693Z [INFO] Stating file /home/bm69/.zshenv
2023-02-27T15:20:26.864555602Z [INFO] Stating file /home/bm69/.zcompdump-bm69-5.8.zwc
2023-02-27T15:20:26.864583711Z [INFO] Stating file /home/bm69/miniconda3
2023-02-27T15:20:26.86461161Z [INFO] Stating file /home/bm69/.fzf.bash
2023-02-27T15:20:26.864639549Z [INFO] Stating file /home/bm69/.zcompdump
2023-02-27T15:20:26.864667839Z [INFO] Stating file /home/bm69/Public
2023-02-27T15:20:26.864695948Z [INFO] Stating file /home/bm69/.steam
2023-02-27T15:20:26.864723967Z [INFO] Stating file /home/bm69/.bash_history
2023-02-27T15:20:26.864751886Z [INFO] Stating file /home/bm69/.oh-my-zsh
2023-02-27T15:20:26.864779855Z [INFO] Stating file /home/bm69/.conda
2023-02-27T15:20:26.864807774Z [INFO] Stating file /home/bm69/rtl8812au
2023-02-27T15:20:26.864835713Z [INFO] Stating file /home/bm69/.npm
2023-02-27T15:20:26.864863692Z [INFO] Stating file /home/bm69/.cache
2023-02-27T15:20:26.864891921Z [INFO] Stating file /home/bm69/.zcompdump-bm69-5.8.1
2023-02-27T15:20:26.864920051Z [INFO] Stating file /home/bm69/.factorio
2023-02-27T15:20:26.86494835Z [INFO] Stating file /home/bm69/.shell.pre-oh-my-zsh
2023-02-27T15:20:26.864976459Z [INFO] Stating file /home/bm69/.pulse-cookie
2023-02-27T15:20:26.865004468Z [INFO] Stating file /home/bm69/Downloads
2023-02-27T15:20:26.865032457Z [INFO] Stating file /home/bm69/lazygit.tar.gz
2023-02-27T15:20:26.865060546Z [INFO] Stating file /home/bm69/.sudo_as_admin_successful
2023-02-27T15:20:26.865088806Z [INFO] Stating file /home/bm69/Music
2023-02-27T15:20:26.865120916Z [INFO] Stating file /home/bm69/.fzf.zsh
2023-02-27T15:20:26.865148945Z [INFO] Stating file /home/bm69/.profile
2023-02-27T15:20:26.865176764Z [INFO] Stating file /home/bm69/Pictures
2023-02-27T15:20:26.865204733Z [INFO] Stating file /home/bm69/.fzf
2023-02-27T15:20:26.865232552Z [INFO] Stating file /home/bm69/.mozilla
2023-02-27T15:20:26.865260511Z [INFO] Stating file /home/bm69/.zcompdump-bm69-5.8
2023-02-27T15:20:26.865288561Z [INFO] Stating file /home/bm69/zellij
2023-02-27T15:20:26.865323092Z [INFO] Stating file /home/bm69/.local
2023-02-27T15:20:26.865351211Z [INFO] Stating file /home/bm69/intelephense
2023-02-27T15:20:26.86537926Z [INFO] Stating file /home/bm69/.fehbg
2023-02-27T15:20:26.865407409Z [INFO] Stating file /home/bm69/.xonshrc
2023-02-27T15:20:26.865435368Z [INFO] Stating file /home/bm69/.bashrc
2023-02-27T15:20:26.865463377Z [INFO] Stating file /home/bm69/tmux-powerline
2023-02-27T15:20:26.865491427Z [INFO] Stating file /home/bm69/.gnome
2023-02-27T15:20:26.865519516Z [INFO] Stating file /home/bm69/helix
2023-02-27T15:20:26.865547645Z [INFO] Stating file /home/bm69/.xmonad
2023-02-27T15:20:26.865575554Z [INFO] Stating file /home/bm69/.cargo
2023-02-27T15:20:26.865603533Z [INFO] Stating file /home/bm69/.gnupg
2023-02-27T15:20:26.865631602Z [INFO] Stating file /home/bm69/.gitconfig
2023-02-27T15:20:26.865659801Z [INFO] Stating file /home/bm69/install.sh
2023-02-27T15:20:26.865687971Z [INFO] Stating file /home/bm69/.rustup
2023-02-27T15:20:26.86571688Z [INFO] Stating file /home/bm69/lazygit
2023-02-27T15:20:26.86574643Z [INFO] Stating file /home/bm69/.fonts
2023-02-27T15:20:26.865774299Z [INFO] Stating file /home/bm69/.tmux
2023-02-27T15:20:26.865802258Z [INFO] Stating file /home/bm69/mountssh
2023-02-27T15:20:26.865830417Z [INFO] Stating file /home/bm69/.tmux.conf
2023-02-27T15:20:26.865858416Z [INFO] Stating file /home/bm69/layouts
2023-02-27T15:20:26.865886255Z [INFO] Stating file /home/bm69/snap
2023-02-27T15:20:26.865914394Z [INFO] Stating file /home/bm69/Documents
2023-02-27T15:20:26.865942433Z [INFO] Stating file /home/bm69/awesome-terminal-fonts
2023-02-27T15:20:26.865970483Z [INFO] Stating file /home/bm69/.zshrc
2023-02-27T15:20:26.865998402Z [INFO] Stating file /home/bm69/Steam
2023-02-27T15:20:26.866543719Z [INFO] Created FileTransferActivity
2023-02-27T15:20:26.866565296Z [INFO] Client is not connected to remote; connecting to c1791194.ferozo.com:21
2023-02-27T15:20:26.867494109Z [INFO] Connecting to c1791194.ferozo.com:21
2023-02-27T15:20:27.266862214Z [INFO] Connection established!
2023-02-27T15:20:27.266923684Z [INFO] Established connection with 'c1791194.ferozo.com': "220 ProFTPD Server (ProFTPD Server) [::ffff:200.58.111.12]"
2023-02-27T15:20:27.668463881Z [INFO] Reading directory /home/bm69
2023-02-27T15:20:27.66858418Z [INFO] Stating file /home/bm69/.python_history
2023-02-27T15:20:27.668629845Z [INFO] Stating file /home/bm69/.lesshst
2023-02-27T15:20:27.668670978Z [INFO] Stating file /home/bm69/.steampath
2023-02-27T15:20:27.668713012Z [ERROR] Could not read file metadata: No such file or directory (os error 2)
2023-02-27T15:20:27.668760137Z [ERROR] Failed to stat /home/bm69/.steampath: Could not access file: No such file or directory (os error 2) (/home/bm69/.steampath)
2023-02-27T15:20:27.668814495Z [INFO] Stating file /home/bm69/nvim.appimage
2023-02-27T15:20:27.668855488Z [INFO] Stating file /home/bm69/getnf
2023-02-27T15:20:27.668896171Z [INFO] Stating file /home/bm69/Videos
2023-02-27T15:20:27.668937204Z [INFO] Stating file /home/bm69/.bash_logout
2023-02-27T15:20:27.668977748Z [INFO] Stating file /home/bm69/.ssh
2023-02-27T15:20:27.669018381Z [INFO] Stating file /home/bm69/bin
2023-02-27T15:20:27.669058774Z [INFO] Stating file /home/bm69/Desktop
2023-02-27T15:20:27.669100037Z [INFO] Stating file /home/bm69/git
2023-02-27T15:20:27.66914056Z [INFO] Stating file /home/bm69/.pki
2023-02-27T15:20:27.669181454Z [INFO] Stating file /home/bm69/restore_system.sh
2023-02-27T15:20:27.669222507Z [INFO] Stating file /home/bm69/.nix-defexpr
2023-02-27T15:20:27.669271673Z [INFO] Stating file /home/bm69/.zsh_history
2023-02-27T15:20:27.66932355Z [INFO] Stating file /home/bm69/.tcshrc
2023-02-27T15:20:27.669364143Z [INFO] Stating file /home/bm69/.nix-profile
2023-02-27T15:20:27.669411758Z [INFO] Stating file /home/bm69/.zcompdump-bm69-5.8.1.zwc
2023-02-27T15:20:27.669455623Z [INFO] Stating file /home/bm69/.config
2023-02-27T15:20:27.669496286Z [INFO] Stating file /home/bm69/.steampid
2023-02-27T15:20:27.669538459Z [INFO] Stating file /home/bm69/Templates
2023-02-27T15:20:27.669578963Z [INFO] Stating file /home/bm69/.zshenv
2023-02-27T15:20:27.669619586Z [INFO] Stating file /home/bm69/.zcompdump-bm69-5.8.zwc
2023-02-27T15:20:27.669659939Z [INFO] Stating file /home/bm69/miniconda3
2023-02-27T15:20:27.669700792Z [INFO] Stating file /home/bm69/.fzf.bash
2023-02-27T15:20:27.669741145Z [INFO] Stating file /home/bm69/.zcompdump
2023-02-27T15:20:27.669781318Z [INFO] Stating file /home/bm69/Public
2023-02-27T15:20:27.669821531Z [INFO] Stating file /home/bm69/.steam
2023-02-27T15:20:27.669861554Z [INFO] Stating file /home/bm69/.bash_history
2023-02-27T15:20:27.669901827Z [INFO] Stating file /home/bm69/.oh-my-zsh
2023-02-27T15:20:27.669942371Z [INFO] Stating file /home/bm69/.conda
2023-02-27T15:20:27.669982494Z [INFO] Stating file /home/bm69/rtl8812au
2023-02-27T15:20:27.670022627Z [INFO] Stating file /home/bm69/.npm
2023-02-27T15:20:27.67006289Z [INFO] Stating file /home/bm69/.cache
2023-02-27T15:20:27.670106054Z [INFO] Stating file /home/bm69/.zcompdump-bm69-5.8.1
2023-02-27T15:20:27.670146957Z [INFO] Stating file /home/bm69/.factorio
2023-02-27T15:20:27.67018742Z [INFO] Stating file /home/bm69/.shell.pre-oh-my-zsh
2023-02-27T15:20:27.670227803Z [INFO] Stating file /home/bm69/.pulse-cookie
2023-02-27T15:20:27.670267996Z [INFO] Stating file /home/bm69/Downloads
2023-02-27T15:20:27.670308279Z [INFO] Stating file /home/bm69/lazygit.tar.gz
2023-02-27T15:20:27.670348682Z [INFO] Stating file /home/bm69/.sudo_as_admin_successful
2023-02-27T15:20:27.670389086Z [INFO] Stating file /home/bm69/Music
2023-02-27T15:20:27.670429219Z [INFO] Stating file /home/bm69/.fzf.zsh
2023-02-27T15:20:27.670469452Z [INFO] Stating file /home/bm69/.profile
2023-02-27T15:20:27.670509615Z [INFO] Stating file /home/bm69/Pictures
2023-02-27T15:20:27.670549738Z [INFO] Stating file /home/bm69/.fzf
2023-02-27T15:20:27.670590181Z [INFO] Stating file /home/bm69/.mozilla
2023-02-27T15:20:27.670630424Z [INFO] Stating file /home/bm69/.zcompdump-bm69-5.8
2023-02-27T15:20:27.670670677Z [INFO] Stating file /home/bm69/zellij
2023-02-27T15:20:27.67071078Z [INFO] Stating file /home/bm69/.local
2023-02-27T15:20:27.670750833Z [INFO] Stating file /home/bm69/intelephense
2023-02-27T15:20:27.670791116Z [INFO] Stating file /home/bm69/.fehbg
2023-02-27T15:20:27.670831479Z [INFO] Stating file /home/bm69/.xonshrc
2023-02-27T15:20:27.670871812Z [INFO] Stating file /home/bm69/.bashrc
2023-02-27T15:20:27.670912255Z [INFO] Stating file /home/bm69/tmux-powerline
2023-02-27T15:20:27.670952829Z [INFO] Stating file /home/bm69/.gnome
2023-02-27T15:20:27.670993102Z [INFO] Stating file /home/bm69/helix
2023-02-27T15:20:27.671033335Z [INFO] Stating file /home/bm69/.xmonad
2023-02-27T15:20:27.671073818Z [INFO] Stating file /home/bm69/.cargo
2023-02-27T15:20:27.671114101Z [INFO] Stating file /home/bm69/.gnupg
2023-02-27T15:20:27.671154644Z [INFO] Stating file /home/bm69/.gitconfig
2023-02-27T15:20:27.671195427Z [INFO] Stating file /home/bm69/install.sh
2023-02-27T15:20:27.67123583Z [INFO] Stating file /home/bm69/.rustup
2023-02-27T15:20:27.671276364Z [INFO] Stating file /home/bm69/lazygit
2023-02-27T15:20:27.671316547Z [INFO] Stating file /home/bm69/.fonts
2023-02-27T15:20:27.67135653Z [INFO] Stating file /home/bm69/.tmux
2023-02-27T15:20:27.671402134Z [INFO] Stating file /home/bm69/mountssh
2023-02-27T15:20:27.671443038Z [INFO] Stating file /home/bm69/.tmux.conf
2023-02-27T15:20:27.671483481Z [INFO] Stating file /home/bm69/layouts
2023-02-27T15:20:27.671523784Z [INFO] Stating file /home/bm69/snap
2023-02-27T15:20:27.6715725Z [INFO] Stating file /home/bm69/Documents
2023-02-27T15:20:27.671612953Z [INFO] Stating file /home/bm69/awesome-terminal-fonts
2023-02-27T15:20:27.671653046Z [INFO] Stating file /home/bm69/.zshrc
2023-02-27T15:20:27.671692969Z [INFO] Stating file /home/bm69/Steam
2023-02-27T15:20:31.190451466Z [INFO] Changed directory on remote: /public_html
2023-02-27T15:21:04.80705853Z [INFO] Changed directory on remote: /public_html/..
2023-02-27T15:21:10.312176452Z [INFO] Changed directory on remote: /public_html
2023-02-27T15:21:20.067772431Z [INFO] Changing localhost directory to /home/bm69/Documents...
2023-02-27T15:21:20.068026121Z [INFO] Reading directory /home/bm69/Documents
2023-02-27T15:21:20.068093159Z [INFO] Stating file /home/bm69/Documents/localhost.sql.zip
2023-02-27T15:21:20.068139592Z [INFO] Stating file /home/bm69/Documents/Obsidian Vault
2023-02-27T15:21:20.068182864Z [INFO] Stating file /home/bm69/Documents/DCIM
2023-02-27T15:21:20.068225896Z [INFO] Stating file /home/bm69/Documents/localhost.sql
2023-02-27T15:21:20.068268718Z [INFO] Stating file /home/bm69/Documents/TRN_28_Viedma.sql
2023-02-27T15:21:20.06831224Z [INFO] Stating file /home/bm69/Documents/montar_base.sh
2023-02-27T15:21:20.068367005Z [INFO] Changed directory on local: /home/bm69/Documents
2023-02-27T15:21:20.068440265Z [INFO] Reading directory /home/bm69/Documents
2023-02-27T15:21:20.06849217Z [INFO] Stating file /home/bm69/Documents/localhost.sql.zip
2023-02-27T15:21:20.068535552Z [INFO] Stating file /home/bm69/Documents/Obsidian Vault
2023-02-27T15:21:20.068578063Z [INFO] Stating file /home/bm69/Documents/DCIM
2023-02-27T15:21:20.068620415Z [INFO] Stating file /home/bm69/Documents/localhost.sql
2023-02-27T15:21:20.068662717Z [INFO] Stating file /home/bm69/Documents/TRN_28_Viedma.sql
2023-02-27T15:21:20.068705329Z [INFO] Stating file /home/bm69/Documents/montar_base.sh
2023-02-27T15:21:33.93398746Z [INFO] Making directory /home/bm69/Documents/oldTurneros
2023-02-27T15:21:33.93413751Z [INFO] Reading directory /home/bm69/Documents
2023-02-27T15:21:33.934205969Z [INFO] Stating file /home/bm69/Documents/localhost.sql.zip
2023-02-27T15:21:33.934251631Z [INFO] Stating file /home/bm69/Documents/oldTurneros
2023-02-27T15:21:33.934293062Z [INFO] Stating file /home/bm69/Documents/Obsidian Vault
2023-02-27T15:21:33.934334583Z [INFO] Stating file /home/bm69/Documents/DCIM
2023-02-27T15:21:33.934376314Z [INFO] Stating file /home/bm69/Documents/localhost.sql
2023-02-27T15:21:33.934418345Z [INFO] Stating file /home/bm69/Documents/TRN_28_Viedma.sql
2023-02-27T15:21:33.934460036Z [INFO] Stating file /home/bm69/Documents/montar_base.sh
2023-02-27T15:21:33.934509329Z [INFO] Created directory /home/bm69/Documents/oldTurneros
2023-02-27T15:21:33.93454823Z [INFO] Created directory "oldTurneros"
2023-02-27T15:21:33.934630202Z [INFO] Reading directory /home/bm69/Documents
2023-02-27T15:21:33.934679755Z [INFO] Stating file /home/bm69/Documents/localhost.sql.zip
2023-02-27T15:21:33.934721846Z [INFO] Stating file /home/bm69/Documents/oldTurneros
2023-02-27T15:21:33.934762977Z [INFO] Stating file /home/bm69/Documents/Obsidian Vault
2023-02-27T15:21:33.934804008Z [INFO] Stating file /home/bm69/Documents/DCIM
2023-02-27T15:21:33.934844839Z [INFO] Stating file /home/bm69/Documents/localhost.sql
2023-02-27T15:21:33.93488606Z [INFO] Stating file /home/bm69/Documents/TRN_28_Viedma.sql
2023-02-27T15:21:33.934927071Z [INFO] Stating file /home/bm69/Documents/montar_base.sh
2023-02-27T15:21:34.580340975Z [INFO] Reading directory /home/bm69/Documents
2023-02-27T15:21:34.580441792Z [INFO] Stating file /home/bm69/Documents/localhost.sql.zip
2023-02-27T15:21:34.580488555Z [INFO] Stating file /home/bm69/Documents/oldTurneros
2023-02-27T15:21:34.580530566Z [INFO] Stating file /home/bm69/Documents/Obsidian Vault
2023-02-27T15:21:34.580572087Z [INFO] Stating file /home/bm69/Documents/DCIM
2023-02-27T15:21:34.580613608Z [INFO] Stating file /home/bm69/Documents/localhost.sql
2023-02-27T15:21:34.580655809Z [INFO] Stating file /home/bm69/Documents/TRN_28_Viedma.sql
2023-02-27T15:21:34.58069717Z [INFO] Stating file /home/bm69/Documents/montar_base.sh
2023-02-27T15:21:36.397128474Z [INFO] Changing localhost directory to /home/bm69/Documents/oldTurneros...
2023-02-27T15:21:36.397216247Z [INFO] Reading directory /home/bm69/Documents/oldTurneros
2023-02-27T15:21:36.397294528Z [INFO] Changed directory on local: /home/bm69/Documents/oldTurneros
2023-02-27T15:21:36.397395465Z [INFO] Reading directory /home/bm69/Documents/oldTurneros
2023-02-27T15:21:45.42678945Z [INFO] Changed directory on remote: /public_html/..
